01/29/2022 03:05:22 PM INFO: Hanabi server started on 127.0.0.1:1024
01/29/2022 03:05:23 PM INFO: Connected by: ('127.0.0.1', 50137)
01/29/2022 03:05:23 PM INFO: Player connected: playerA
01/29/2022 03:05:23 PM INFO: Player ready: playerA
01/29/2022 03:05:25 PM INFO: Connected by: ('127.0.0.1', 50138)
01/29/2022 03:05:25 PM INFO: Player connected: playerB
01/29/2022 03:05:25 PM INFO: Player ready: playerB
01/29/2022 03:05:25 PM INFO: Game start! Between: ['playerA', 'playerB']
01/29/2022 03:05:25 PM INFO: Ok, let's start the game!
01/29/2022 03:05:25 PM INFO: Showing hand to: playerA
01/29/2022 03:05:25 PM INFO: Showing hand to: playerB
01/29/2022 03:05:25 PM INFO: playerA: card played and correctly put on the table
01/29/2022 03:05:25 PM INFO: Showing hand to: playerA
01/29/2022 03:05:25 PM INFO: Showing hand to: playerB
01/29/2022 03:05:25 PM INFO: Showing hand to: playerA
01/29/2022 03:05:25 PM INFO: Showing hand to: playerB
01/29/2022 03:05:28 PM INFO: Showing hand to: playerA
01/29/2022 03:05:28 PM INFO: Showing hand to: playerB
01/29/2022 03:05:28 PM INFO: Game over, people.
01/29/2022 03:05:28 PM INFO: Please, close the server now
01/29/2022 03:05:28 PM INFO: Score: 0; message: Booooooooooooring!
01/29/2022 03:05:28 PM INFO: Game over
01/29/2022 03:05:28 PM INFO: Game score: 0
01/29/2022 03:05:28 PM INFO: Starting new game
01/29/2022 03:05:28 PM INFO: Starting new game
01/29/2022 03:05:28 PM INFO: Ok, let's start the game!
01/29/2022 03:05:28 PM WARNING: Player disconnected: playerA
01/29/2022 03:05:28 PM WARNING: Player disconnected: playerB
01/29/2022 03:05:28 PM INFO: Shutting down server
01/29/2022 03:14:05 PM INFO: Hanabi server started on 127.0.0.1:1024
01/29/2022 03:14:07 PM INFO: Connected by: ('127.0.0.1', 50193)
01/29/2022 03:14:07 PM INFO: Player connected: playerA
01/29/2022 03:14:07 PM INFO: Player ready: playerA
01/29/2022 03:14:08 PM INFO: Connected by: ('127.0.0.1', 50195)
01/29/2022 03:14:08 PM INFO: Player connected: playerB
01/29/2022 03:14:08 PM INFO: Player ready: playerB
01/29/2022 03:14:08 PM INFO: Game start! Between: ['playerA', 'playerB']
01/29/2022 03:14:08 PM INFO: Ok, let's start the game!
01/29/2022 03:14:08 PM INFO: Showing hand to: playerB
01/29/2022 03:14:08 PM INFO: Showing hand to: playerA
01/29/2022 03:14:08 PM INFO: Showing hand to: playerA
01/29/2022 03:14:08 PM INFO: Showing hand to: playerB
01/29/2022 03:14:08 PM INFO: Showing hand to: playerA
01/29/2022 03:14:08 PM INFO: Showing hand to: playerB
01/29/2022 03:14:11 PM INFO: Game over, people.
01/29/2022 03:14:11 PM INFO: Please, close the server now
01/29/2022 03:14:11 PM INFO: Score: 0; message: Booooooooooooring!
01/29/2022 03:14:11 PM INFO: Game over
01/29/2022 03:14:11 PM INFO: Game score: 0
01/29/2022 03:14:11 PM INFO: Starting new game
01/29/2022 03:14:11 PM INFO: Starting new game
01/29/2022 03:14:11 PM INFO: Ok, let's start the game!
01/29/2022 03:14:11 PM WARNING: Player disconnected: playerA
01/29/2022 03:14:11 PM WARNING: Player disconnected: playerB
01/29/2022 03:14:11 PM INFO: Shutting down server
01/29/2022 03:14:58 PM INFO: Hanabi server started on 127.0.0.1:1024
01/29/2022 03:14:59 PM INFO: Connected by: ('127.0.0.1', 50199)
01/29/2022 03:14:59 PM INFO: Player connected: playerA
01/29/2022 03:14:59 PM INFO: Player ready: playerA
01/29/2022 03:15:01 PM INFO: Connected by: ('127.0.0.1', 50200)
01/29/2022 03:15:01 PM INFO: Player connected: playerB
01/29/2022 03:15:01 PM INFO: Player ready: playerB
01/29/2022 03:15:01 PM INFO: Game start! Between: ['playerA', 'playerB']
01/29/2022 03:15:01 PM INFO: Ok, let's start the game!
01/29/2022 03:15:01 PM INFO: Showing hand to: playerB
01/29/2022 03:15:01 PM INFO: Showing hand to: playerA
01/29/2022 03:15:01 PM INFO: Showing hand to: playerA
01/29/2022 03:15:01 PM INFO: Showing hand to: playerB
01/29/2022 03:15:01 PM INFO: Showing hand to: playerA
01/29/2022 03:15:01 PM INFO: Showing hand to: playerB
01/29/2022 03:15:04 PM INFO: playerA: card played and correctly put on the table
01/29/2022 03:15:04 PM INFO: Showing hand to: playerA
01/29/2022 03:15:04 PM INFO: Showing hand to: playerB
01/29/2022 03:15:04 PM INFO: Game over, people.
01/29/2022 03:15:04 PM INFO: Please, close the server now
01/29/2022 03:15:04 PM INFO: Score: 0; message: Booooooooooooring!
01/29/2022 03:15:04 PM INFO: Game over
01/29/2022 03:15:04 PM INFO: Game score: 0
01/29/2022 03:15:04 PM INFO: Starting new game
01/29/2022 03:15:04 PM INFO: Starting new game
01/29/2022 03:15:04 PM INFO: Ok, let's start the game!
01/29/2022 03:15:04 PM WARNING: Player disconnected: playerA
01/29/2022 03:15:04 PM WARNING: Player disconnected: playerB
01/29/2022 03:15:04 PM INFO: Shutting down server
01/29/2022 03:31:12 PM INFO: Hanabi server started on 127.0.0.1:1024
01/29/2022 03:31:27 PM INFO: Connected by: ('127.0.0.1', 50323)
01/29/2022 03:31:27 PM INFO: Player connected: playerA
01/29/2022 03:31:27 PM INFO: Player ready: playerA
01/29/2022 03:31:30 PM INFO: Connected by: ('127.0.0.1', 50324)
01/29/2022 03:31:30 PM INFO: Player connected: playerB
01/29/2022 03:31:30 PM INFO: Player ready: playerB
01/29/2022 03:31:30 PM INFO: Game start! Between: ['playerA', 'playerB']
01/29/2022 03:31:30 PM INFO: Ok, let's start the game!
01/29/2022 03:31:30 PM INFO: Showing hand to: playerA
01/29/2022 03:31:30 PM INFO: Showing hand to: playerB
01/29/2022 03:31:30 PM INFO: Showing hand to: playerA
01/29/2022 03:31:30 PM INFO: Showing hand to: playerB
01/29/2022 03:31:30 PM INFO: Showing hand to: playerA
01/29/2022 03:31:30 PM INFO: Showing hand to: playerB
01/29/2022 03:31:33 PM INFO: Game over, people.
01/29/2022 03:31:33 PM INFO: Please, close the server now
01/29/2022 03:31:33 PM INFO: Score: 0; message: Booooooooooooring!
01/29/2022 03:31:33 PM INFO: Game over
01/29/2022 03:31:33 PM INFO: Game score: 0
01/29/2022 03:31:33 PM INFO: Starting new game
01/29/2022 03:31:33 PM INFO: Starting new game
01/29/2022 03:31:33 PM INFO: Ok, let's start the game!
01/29/2022 03:31:33 PM WARNING: Player disconnected: playerA
01/29/2022 03:31:33 PM WARNING: Player disconnected: playerB
01/29/2022 03:31:33 PM INFO: Shutting down server
01/29/2022 03:32:36 PM INFO: Hanabi server started on 127.0.0.1:1024
01/29/2022 03:32:37 PM INFO: Connected by: ('127.0.0.1', 50331)
01/29/2022 03:32:37 PM INFO: Player connected: playerA
01/29/2022 03:32:37 PM INFO: Player ready: playerA
01/29/2022 03:32:40 PM INFO: Connected by: ('127.0.0.1', 50332)
01/29/2022 03:32:40 PM INFO: Player connected: playerB
01/29/2022 03:32:40 PM INFO: Player ready: playerB
01/29/2022 03:32:40 PM INFO: Game start! Between: ['playerA', 'playerB']
01/29/2022 03:32:40 PM INFO: Ok, let's start the game!
01/29/2022 03:32:40 PM INFO: Showing hand to: playerA
01/29/2022 03:32:40 PM INFO: Showing hand to: playerB
01/29/2022 03:32:40 PM INFO: Showing hand to: playerA
01/29/2022 03:32:40 PM INFO: Showing hand to: playerB
01/29/2022 03:32:40 PM INFO: playerB: card played and correctly put on the table
01/29/2022 03:32:40 PM INFO: Showing hand to: playerA
01/29/2022 03:32:40 PM INFO: Showing hand to: playerB
01/29/2022 03:32:43 PM INFO: Showing hand to: playerA
01/29/2022 03:32:43 PM INFO: Showing hand to: playerB
01/29/2022 03:32:43 PM INFO: Game over, people.
01/29/2022 03:32:43 PM INFO: Please, close the server now
01/29/2022 03:32:43 PM INFO: Score: 0; message: Booooooooooooring!
01/29/2022 03:32:43 PM INFO: Game over
01/29/2022 03:32:43 PM INFO: Game score: 0
01/29/2022 03:32:43 PM INFO: Starting new game
01/29/2022 03:32:43 PM INFO: Starting new game
01/29/2022 03:32:43 PM INFO: Ok, let's start the game!
01/29/2022 03:32:43 PM WARNING: Player disconnected: playerA
01/29/2022 03:32:43 PM WARNING: Player disconnected: playerB
01/29/2022 03:32:43 PM INFO: Shutting down server
01/29/2022 03:33:45 PM INFO: Hanabi server started on 127.0.0.1:1024
01/29/2022 03:33:47 PM INFO: Connected by: ('127.0.0.1', 50342)
01/29/2022 03:33:47 PM INFO: Player connected: playerA
01/29/2022 03:33:47 PM INFO: Player ready: playerA
01/29/2022 03:33:48 PM INFO: Connected by: ('127.0.0.1', 50343)
01/29/2022 03:33:48 PM INFO: Player connected: playerB
01/29/2022 03:33:48 PM INFO: Player ready: playerB
01/29/2022 03:33:48 PM INFO: Game start! Between: ['playerA', 'playerB']
01/29/2022 03:33:48 PM INFO: Ok, let's start the game!
01/29/2022 03:33:48 PM INFO: Showing hand to: playerA
01/29/2022 03:33:48 PM INFO: Showing hand to: playerB
01/29/2022 03:33:48 PM WARNING: Player disconnected: playerB
01/29/2022 03:33:48 PM WARNING: Player disconnected: playerA
01/29/2022 03:33:48 PM INFO: Shutting down server
01/29/2022 03:34:04 PM INFO: Hanabi server started on 127.0.0.1:1024
01/29/2022 03:34:06 PM INFO: Connected by: ('127.0.0.1', 50346)
01/29/2022 03:34:06 PM INFO: Player connected: playerA
01/29/2022 03:34:06 PM INFO: Player ready: playerA
01/29/2022 03:34:09 PM INFO: Connected by: ('127.0.0.1', 50347)
01/29/2022 03:34:09 PM INFO: Player connected: playerB
01/29/2022 03:34:09 PM INFO: Player ready: playerB
01/29/2022 03:34:09 PM INFO: Game start! Between: ['playerA', 'playerB']
01/29/2022 03:34:09 PM INFO: Ok, let's start the game!
01/29/2022 03:34:09 PM INFO: Showing hand to: playerB
01/29/2022 03:34:09 PM INFO: Showing hand to: playerA
01/29/2022 03:34:09 PM WARNING: Player disconnected: playerB
01/29/2022 03:34:09 PM WARNING: Player disconnected: playerA
01/29/2022 03:34:09 PM INFO: Shutting down server
01/29/2022 03:35:05 PM INFO: Hanabi server started on 127.0.0.1:1024
01/29/2022 03:35:07 PM INFO: Connected by: ('127.0.0.1', 50357)
01/29/2022 03:35:07 PM INFO: Player connected: playerA
01/29/2022 03:35:07 PM INFO: Player ready: playerA
01/29/2022 03:35:08 PM INFO: Connected by: ('127.0.0.1', 50358)
01/29/2022 03:35:08 PM INFO: Player connected: playerB
01/29/2022 03:35:08 PM INFO: Player ready: playerB
01/29/2022 03:35:08 PM INFO: Game start! Between: ['playerA', 'playerB']
01/29/2022 03:35:08 PM INFO: Ok, let's start the game!
01/29/2022 03:35:08 PM INFO: Showing hand to: playerA
01/29/2022 03:35:08 PM INFO: Showing hand to: playerB
01/29/2022 03:35:08 PM INFO: playerA: card played and correctly put on the table
01/29/2022 03:35:08 PM INFO: Showing hand to: playerA
01/29/2022 03:35:08 PM INFO: Showing hand to: playerB
01/29/2022 03:35:08 PM INFO: Showing hand to: playerA
01/29/2022 03:35:08 PM INFO: Showing hand to: playerB
01/29/2022 03:35:11 PM INFO: Showing hand to: playerA
01/29/2022 03:35:11 PM INFO: Showing hand to: playerB
01/29/2022 03:35:11 PM INFO: playerB: card played and correctly put on the table
01/29/2022 03:35:11 PM INFO: Showing hand to: playerA
01/29/2022 03:35:11 PM INFO: Showing hand to: playerB
01/29/2022 03:35:14 PM INFO: Game over, people.
01/29/2022 03:35:14 PM INFO: Please, close the server now
01/29/2022 03:35:14 PM INFO: Score: 0; message: Booooooooooooring!
01/29/2022 03:35:14 PM INFO: Game over
01/29/2022 03:35:14 PM INFO: Game score: 0
01/29/2022 03:35:14 PM INFO: Starting new game
01/29/2022 03:35:14 PM INFO: Starting new game
01/29/2022 03:35:14 PM INFO: Ok, let's start the game!
01/29/2022 03:35:14 PM WARNING: Player disconnected: playerA
01/29/2022 03:35:14 PM WARNING: Player disconnected: playerB
01/29/2022 03:35:14 PM INFO: Shutting down server
01/29/2022 03:37:14 PM INFO: Hanabi server started on 127.0.0.1:1024
01/29/2022 03:37:16 PM INFO: Connected by: ('127.0.0.1', 50372)
01/29/2022 03:37:16 PM INFO: Player connected: playerA
01/29/2022 03:37:16 PM INFO: Player ready: playerA
01/29/2022 03:37:18 PM INFO: Connected by: ('127.0.0.1', 50374)
01/29/2022 03:37:18 PM INFO: Player connected: playerB
01/29/2022 03:37:18 PM INFO: Player ready: playerB
01/29/2022 03:37:18 PM INFO: Game start! Between: ['playerA', 'playerB']
01/29/2022 03:37:18 PM INFO: Ok, let's start the game!
01/29/2022 03:37:18 PM INFO: Showing hand to: playerB
01/29/2022 03:37:18 PM INFO: Showing hand to: playerA
01/29/2022 03:37:18 PM INFO: playerA: card played and correctly put on the table
01/29/2022 03:37:18 PM INFO: Showing hand to: playerA
01/29/2022 03:37:18 PM INFO: Showing hand to: playerB
01/29/2022 03:37:18 PM INFO: playerB: card played and correctly put on the table
01/29/2022 03:37:18 PM INFO: Showing hand to: playerA
01/29/2022 03:37:18 PM INFO: Showing hand to: playerB
01/29/2022 03:37:21 PM INFO: playerA: card played and correctly put on the table
01/29/2022 03:37:21 PM INFO: Showing hand to: playerA
01/29/2022 03:37:21 PM INFO: Showing hand to: playerB
01/29/2022 03:37:21 PM INFO: Showing hand to: playerA
01/29/2022 03:37:21 PM INFO: Showing hand to: playerB
01/29/2022 03:37:24 PM INFO: playerA: card played and correctly put on the table
01/29/2022 03:37:24 PM INFO: Showing hand to: playerA
01/29/2022 03:37:24 PM INFO: Showing hand to: playerB
01/29/2022 03:37:24 PM INFO: Showing hand to: playerA
01/29/2022 03:37:24 PM INFO: Showing hand to: playerB
01/29/2022 03:37:27 PM INFO: Game over, people.
01/29/2022 03:37:27 PM INFO: Please, close the server now
01/29/2022 03:37:27 PM INFO: Score: 0; message: Booooooooooooring!
01/29/2022 03:37:27 PM INFO: Game over
01/29/2022 03:37:27 PM INFO: Game score: 0
01/29/2022 03:37:27 PM INFO: Starting new game
01/29/2022 03:37:27 PM INFO: Starting new game
01/29/2022 03:37:27 PM INFO: Ok, let's start the game!
01/29/2022 03:37:27 PM WARNING: Player disconnected: playerA
01/29/2022 03:37:27 PM WARNING: Player disconnected: playerB
01/29/2022 03:37:27 PM INFO: Shutting down server
01/29/2022 03:40:48 PM INFO: Hanabi server started on 127.0.0.1:1024
01/29/2022 03:40:50 PM INFO: Connected by: ('127.0.0.1', 50422)
01/29/2022 03:40:50 PM INFO: Player connected: playerA
01/29/2022 03:40:50 PM INFO: Player ready: playerA
01/29/2022 03:40:52 PM INFO: Connected by: ('127.0.0.1', 50423)
01/29/2022 03:40:52 PM INFO: Player connected: playerB
01/29/2022 03:40:52 PM INFO: Player ready: playerB
01/29/2022 03:40:52 PM INFO: Game start! Between: ['playerA', 'playerB']
01/29/2022 03:40:52 PM INFO: Ok, let's start the game!
01/29/2022 03:40:52 PM INFO: Showing hand to: playerB
01/29/2022 03:40:52 PM INFO: Showing hand to: playerA
01/29/2022 03:40:52 PM WARNING: Player disconnected: playerA
01/29/2022 03:48:03 PM INFO: Hanabi server started on 127.0.0.1:1024
01/29/2022 03:48:06 PM INFO: Connected by: ('127.0.0.1', 49192)
01/29/2022 03:48:06 PM INFO: Player connected: playerA
01/29/2022 03:48:06 PM INFO: Player ready: playerA
01/29/2022 03:48:09 PM INFO: Connected by: ('127.0.0.1', 49193)
01/29/2022 03:48:09 PM INFO: Player connected: playerB
01/29/2022 03:48:09 PM INFO: Player ready: playerB
01/29/2022 03:48:09 PM INFO: Game start! Between: ['playerA', 'playerB']
01/29/2022 03:48:09 PM INFO: Ok, let's start the game!
01/29/2022 03:48:09 PM WARNING: Player disconnected: playerB
01/29/2022 03:48:09 PM WARNING: Player disconnected: playerA
01/29/2022 03:48:09 PM INFO: Shutting down server
01/29/2022 03:48:39 PM INFO: Hanabi server started on 127.0.0.1:1024
01/29/2022 03:48:41 PM INFO: Connected by: ('127.0.0.1', 49195)
01/29/2022 03:48:41 PM INFO: Player connected: playerA
01/29/2022 03:48:41 PM INFO: Player ready: playerA
01/29/2022 03:48:42 PM INFO: Connected by: ('127.0.0.1', 49196)
01/29/2022 03:48:42 PM INFO: Player connected: playerB
01/29/2022 03:48:42 PM INFO: Player ready: playerB
01/29/2022 03:48:42 PM INFO: Game start! Between: ['playerA', 'playerB']
01/29/2022 03:48:42 PM INFO: Ok, let's start the game!
01/29/2022 03:48:42 PM INFO: Showing hand to: playerB
01/29/2022 03:48:42 PM INFO: Showing hand to: playerA
01/29/2022 03:48:42 PM INFO: Showing hand to: playerA
01/29/2022 03:48:42 PM INFO: Showing hand to: playerB
01/29/2022 03:48:42 PM INFO: Showing hand to: playerA
01/29/2022 03:48:42 PM INFO: Showing hand to: playerB
01/29/2022 03:48:45 PM INFO: Game over, people.
01/29/2022 03:48:45 PM INFO: Please, close the server now
01/29/2022 03:48:45 PM INFO: Score: 0; message: Booooooooooooring!
01/29/2022 03:48:45 PM INFO: Game over
01/29/2022 03:48:45 PM INFO: Game score: 0
01/29/2022 03:48:45 PM INFO: Starting new game
01/29/2022 03:48:45 PM INFO: Starting new game
01/29/2022 03:48:45 PM INFO: Ok, let's start the game!
01/29/2022 03:48:45 PM WARNING: Player disconnected: playerA
01/29/2022 03:48:45 PM WARNING: Player disconnected: playerB
01/29/2022 03:48:45 PM INFO: Shutting down server
01/29/2022 03:57:46 PM INFO: Hanabi server started on 127.0.0.1:1024
01/29/2022 03:57:47 PM INFO: Connected by: ('127.0.0.1', 49278)
01/29/2022 03:57:47 PM INFO: Player connected: playerA
01/29/2022 03:57:47 PM INFO: Player ready: playerA
01/29/2022 03:57:49 PM INFO: Connected by: ('127.0.0.1', 49279)
01/29/2022 03:57:49 PM INFO: Player connected: playerB
01/29/2022 03:57:49 PM INFO: Player ready: playerB
01/29/2022 03:57:49 PM INFO: Game start! Between: ['playerA', 'playerB']
01/29/2022 03:57:49 PM INFO: Ok, let's start the game!
01/29/2022 03:57:49 PM WARNING: Player disconnected: playerB
01/29/2022 03:57:49 PM WARNING: Player disconnected: playerA
01/29/2022 03:57:49 PM INFO: Shutting down server
01/29/2022 03:58:36 PM INFO: Hanabi server started on 127.0.0.1:1024
01/29/2022 03:58:38 PM INFO: Connected by: ('127.0.0.1', 49286)
01/29/2022 03:58:38 PM INFO: Player connected: playerA
01/29/2022 03:58:38 PM INFO: Player ready: playerA
01/29/2022 03:58:40 PM INFO: Connected by: ('127.0.0.1', 49287)
01/29/2022 03:58:40 PM INFO: Player connected: playerB
01/29/2022 03:58:40 PM INFO: Player ready: playerB
01/29/2022 03:58:40 PM INFO: Game start! Between: ['playerA', 'playerB']
01/29/2022 03:58:40 PM INFO: Ok, let's start the game!
01/29/2022 03:58:40 PM WARNING: Player disconnected: playerA
01/29/2022 03:58:40 PM WARNING: Player disconnected: playerB
01/29/2022 03:58:40 PM INFO: Shutting down server
01/29/2022 03:59:08 PM INFO: Hanabi server started on 127.0.0.1:1024
01/29/2022 03:59:10 PM INFO: Connected by: ('127.0.0.1', 49291)
01/29/2022 03:59:10 PM INFO: Player connected: playerA
01/29/2022 03:59:10 PM INFO: Player ready: playerA
01/29/2022 03:59:12 PM INFO: Connected by: ('127.0.0.1', 49292)
01/29/2022 03:59:12 PM INFO: Player connected: playerB
01/29/2022 03:59:12 PM INFO: Player ready: playerB
01/29/2022 03:59:12 PM INFO: Game start! Between: ['playerA', 'playerB']
01/29/2022 03:59:12 PM INFO: Ok, let's start the game!
01/29/2022 03:59:12 PM INFO: Showing hand to: playerB
01/29/2022 03:59:12 PM INFO: Showing hand to: playerA
01/29/2022 03:59:16 PM INFO: playerA: card played and correctly put on the table
01/29/2022 03:59:16 PM INFO: Showing hand to: playerA
01/29/2022 03:59:16 PM INFO: Showing hand to: playerB
01/29/2022 03:59:20 PM INFO: Showing hand to: playerB
01/29/2022 03:59:20 PM INFO: Showing hand to: playerA
01/29/2022 03:59:24 PM INFO: playerA: card played and correctly put on the table
01/29/2022 03:59:24 PM INFO: Showing hand to: playerA
01/29/2022 03:59:24 PM INFO: Showing hand to: playerB
01/29/2022 03:59:28 PM INFO: Showing hand to: playerB
01/29/2022 03:59:28 PM INFO: Showing hand to: playerA
01/29/2022 03:59:32 PM INFO: Game over, people.
01/29/2022 03:59:32 PM INFO: Please, close the server now
01/29/2022 03:59:32 PM INFO: Score: 0; message: Booooooooooooring!
01/29/2022 03:59:32 PM INFO: Game over
01/29/2022 03:59:32 PM INFO: Game score: 0
01/29/2022 03:59:32 PM INFO: Starting new game
01/29/2022 03:59:32 PM INFO: Starting new game
01/29/2022 03:59:32 PM INFO: Ok, let's start the game!
01/29/2022 03:59:32 PM WARNING: Player disconnected: playerA
01/29/2022 03:59:32 PM WARNING: Player disconnected: playerB
01/29/2022 03:59:32 PM INFO: Shutting down server
01/29/2022 04:02:03 PM INFO: Hanabi server started on 127.0.0.1:1024
01/29/2022 04:02:05 PM INFO: Connected by: ('127.0.0.1', 49313)
01/29/2022 04:02:05 PM INFO: Player connected: playerA
01/29/2022 04:02:05 PM INFO: Player ready: playerA
01/29/2022 04:02:06 PM INFO: Connected by: ('127.0.0.1', 49315)
01/29/2022 04:02:06 PM INFO: Player connected: playerB
01/29/2022 04:02:06 PM INFO: Player ready: playerB
01/29/2022 04:02:06 PM INFO: Game start! Between: ['playerA', 'playerB']
01/29/2022 04:02:06 PM INFO: Ok, let's start the game!
01/29/2022 04:02:06 PM INFO: Showing hand to: playerB
01/29/2022 04:02:06 PM INFO: Showing hand to: playerA
01/29/2022 04:02:11 PM INFO: Showing hand to: playerA
01/29/2022 04:02:11 PM INFO: Showing hand to: playerB
01/29/2022 04:02:15 PM INFO: Showing hand to: playerB
01/29/2022 04:02:15 PM INFO: Showing hand to: playerA
01/29/2022 04:02:19 PM INFO: playerA: card played and correctly put on the table
01/29/2022 04:02:19 PM INFO: Showing hand to: playerA
01/29/2022 04:02:19 PM INFO: Showing hand to: playerB
01/29/2022 04:02:23 PM INFO: Game over, people.
01/29/2022 04:02:23 PM INFO: Please, close the server now
01/29/2022 04:02:23 PM INFO: Score: 0; message: Booooooooooooring!
01/29/2022 04:02:23 PM INFO: Game over
01/29/2022 04:02:23 PM INFO: Game score: 0
01/29/2022 04:02:23 PM INFO: Starting new game
01/29/2022 04:02:23 PM INFO: Starting new game
01/29/2022 04:02:23 PM INFO: Ok, let's start the game!
01/29/2022 04:02:23 PM WARNING: Player disconnected: playerB
01/29/2022 04:02:23 PM WARNING: Player disconnected: playerA
01/29/2022 04:02:23 PM INFO: Shutting down server
01/29/2022 04:04:18 PM INFO: Hanabi server started on 127.0.0.1:1024
01/29/2022 04:04:20 PM INFO: Connected by: ('127.0.0.1', 49331)
01/29/2022 04:04:20 PM INFO: Player connected: playerA
01/29/2022 04:04:20 PM INFO: Player ready: playerA
01/29/2022 04:04:22 PM INFO: Connected by: ('127.0.0.1', 49332)
01/29/2022 04:04:22 PM INFO: Player connected: playerB
01/29/2022 04:04:22 PM INFO: Player ready: playerB
01/29/2022 04:04:22 PM INFO: Game start! Between: ['playerA', 'playerB']
01/29/2022 04:04:22 PM INFO: Ok, let's start the game!
01/29/2022 04:04:22 PM INFO: Showing hand to: playerA
01/29/2022 04:04:22 PM INFO: Showing hand to: playerB
01/29/2022 04:04:22 PM INFO: playerA: card played and correctly put on the table
01/29/2022 04:04:22 PM INFO: Showing hand to: playerA
01/29/2022 04:04:22 PM INFO: Showing hand to: playerB
01/29/2022 04:04:22 PM INFO: playerB: card played and correctly put on the table
01/29/2022 04:04:22 PM INFO: Showing hand to: playerA
01/29/2022 04:04:22 PM INFO: Showing hand to: playerB
01/29/2022 04:04:25 PM INFO: Showing hand to: playerA
01/29/2022 04:04:25 PM INFO: Showing hand to: playerB
01/29/2022 04:04:25 PM INFO: Showing hand to: playerA
01/29/2022 04:04:25 PM INFO: Showing hand to: playerB
01/29/2022 04:04:28 PM INFO: Game over, people.
01/29/2022 04:04:28 PM INFO: Please, close the server now
01/29/2022 04:04:28 PM INFO: Score: 0; message: Booooooooooooring!
01/29/2022 04:04:28 PM INFO: Game over
01/29/2022 04:04:28 PM INFO: Game score: 0
01/29/2022 04:04:28 PM INFO: Starting new game
01/29/2022 04:04:28 PM INFO: Starting new game
01/29/2022 04:04:28 PM INFO: Ok, let's start the game!
01/29/2022 04:04:28 PM WARNING: Player disconnected: playerA
01/29/2022 04:04:28 PM WARNING: Player disconnected: playerB
01/29/2022 04:04:28 PM INFO: Shutting down server
